Mar 25 16:16:39 cafeteria systemd[1]: Started home-terminal kiosk dashboard.
Mar 25 16:16:40 cafeteria home_terminal[24066]: 2026-03-25T20:16:40 [app] starting
Mar 25 16:16:40 cafeteria home_terminal[24066]: 2026-03-25T20:16:40 [app] config_dir: /var/lib/kiosk/.config/home-terminal
Mar 25 16:16:40 cafeteria home_terminal[24066]: 2026-03-25T20:16:40 [app] cache_dir:  /var/lib/kiosk/.cache/home-terminal
Mar 25 16:16:40 cafeteria home_terminal[24066]: 2026-03-25T20:16:40 [app] state_dir:  /var/lib/kiosk/.local/state/home-terminal
Mar 25 16:16:40 cafeteria home_terminal[24066]: 2026-03-25T20:16:40 [cal_server] config_dir: /var/lib/kiosk/.config/home-terminal
Mar 25 16:16:40 cafeteria home_terminal[24066]: 2026-03-25T20:16:40 [cal_server] cache_dir:  /var/lib/kiosk/.cache/home-terminal
Mar 25 16:16:40 cafeteria home_terminal[24066]: 2026-03-25T20:16:40 [cal_server] /var/lib/kiosk/.cache/home-terminal/cache.json — loaded 1172 events
Mar 25 16:16:40 cafeteria home_terminal[24066]: 2026-03-25T20:16:40 [cal_server] /var/lib/kiosk/.config/home-terminal/config.json — loaded (2 people, 2 ical urls)
Mar 25 16:16:41 cafeteria home_terminal[24066]: 2026-03-25T20:16:40 [cal_server] /var/lib/kiosk/.cache/home-terminal/travel_cache.json — loaded 18 travel entries, 47 leg entries
Mar 25 16:16:41 cafeteria home_terminal[24066]: 2026-03-25T20:16:41 [cal_server] /var/lib/kiosk/.cache/home-terminal/ical_cache.json — loaded 2 feed caches
Mar 25 16:16:41 cafeteria home_terminal[24066]: 2026-03-25T20:16:41 [cal_server] fetching events...
Mar 25 16:16:41 cafeteria home_terminal[24066]: 2026-03-25T20:16:41 [app] HA integration enabled, connecting to MQTT...
Mar 25 16:16:41 cafeteria home_terminal[24066]: 2026-03-25T20:16:41 [ha_client] connected to MQTT broker at homeassistant.lan
Mar 25 16:16:41 cafeteria home_terminal[24066]: 2026-03-25T20:16:41 [ha_client] recovered state: display_power=ON dark_mode=OFF
Mar 25 16:16:41 cafeteria home_terminal[24066]: 2026-03-25T20:16:41 [ha_client] running: swaymsg output HDMI-A-2 power on
Mar 25 16:16:41 cafeteria home_terminal[24066]: 2026-03-25T20:16:41 [ha_client] swaymsg output: [
Mar 25 16:16:41 cafeteria home_terminal[24066]:   {
Mar 25 16:16:41 cafeteria home_terminal[24066]:     "success": true
Mar 25 16:16:41 cafeteria home_terminal[24066]:   }
Mar 25 16:16:41 cafeteria home_terminal[24066]: ]
Mar 25 16:16:41 cafeteria home_terminal[24066]: 2026-03-25T20:16:41 [ha_client] session established: discovery, state, subscriptions
Mar 25 16:16:41 cafeteria home_terminal[24066]: 2026-03-25T20:16:41 [app] HA client started successfully
Mar 25 16:16:42 cafeteria home_terminal[24066]: Listening on http://0.0.0.0:80
Mar 25 16:16:45 cafeteria home_terminal[24066]: =CRASH REPORT==== 25-Mar-2026::16:16:45.163666 ===
Mar 25 16:16:45 cafeteria home_terminal[24066]:   crasher:
Mar 25 16:16:45 cafeteria home_terminal[24066]:     initial call: cal_server:'-handle_message/2-anonymous-0-'/0
Mar 25 16:16:45 cafeteria home_terminal[24066]:     pid: <0.128.0>
Mar 25 16:16:45 cafeteria home_terminal[24066]:     registered_name: []
Mar 25 16:16:45 cafeteria home_terminal[24066]:     exception error: bad argument
Mar 25 16:16:45 cafeteria home_terminal[24066]:       in function  binary_to_list/1
Mar 25 16:16:45 cafeteria home_terminal[24066]:          called as binary_to_list("/etc/zoneinfo/America/New_York")
Mar 25 16:16:45 cafeteria home_terminal[24066]:          *** argument 1: not a binary
Mar 25 16:16:45 cafeteria home_terminal[24066]:       in call from tz_ffi:system_timezone/0 (/build/source/build/prod/erlang/home_terminal/_gleam_artefacts/tz_ffi.erl:51)
Mar 25 16:16:45 cafeteria home_terminal[24066]:       in call from ical:parse_events/4 (src/ical.gleam:68)
Mar 25 16:16:45 cafeteria home_terminal[24066]:       in call from gleam@list:map_loop/3 (src/gleam/list.gleam:391)
Mar 25 16:16:45 cafeteria home_terminal[24066]:       in call from gleam@list:flat_map/2 (src/gleam/list.gleam:392)
Mar 25 16:16:45 cafeteria home_terminal[24066]:       in call from cal_dav:'-fetch_calendar_events/5-anonymous-1-'/4 (src/cal_dav.gleam:225)
Mar 25 16:16:45 cafeteria home_terminal[24066]:       in call from cal_dav:'-fetch_events/1-anonymous-1-'/4 (src/cal_dav.gleam:78)
Mar 25 16:16:45 cafeteria home_terminal[24066]:       in call from gleam@list:map_loop/3 (src/gleam/list.gleam:391)
Mar 25 16:16:45 cafeteria home_terminal[24066]:     ancestors: [<0.127.0>,<0.83.0>]
Mar 25 16:16:45 cafeteria home_terminal[24066]:     message_queue_len: 0
Mar 25 16:16:45 cafeteria home_terminal[24066]:     messages: []
Mar 25 16:16:45 cafeteria home_terminal[24066]:     links: [<0.127.0>]
Mar 25 16:16:45 cafeteria home_terminal[24066]:     dictionary: []
Mar 25 16:16:45 cafeteria home_terminal[24066]:     trap_exit: false
Mar 25 16:16:45 cafeteria home_terminal[24066]:     status: running
Mar 25 16:16:45 cafeteria home_terminal[24066]:     heap_size: 75113
Mar 25 16:16:45 cafeteria home_terminal[24066]:     stack_size: 29
Mar 25 16:16:45 cafeteria home_terminal[24066]:     reductions: 1324309
Mar 25 16:16:45 cafeteria home_terminal[24066]:   neighbours:
Mar 25 16:16:45 cafeteria home_terminal[24066]:     neighbour:
Mar 25 16:16:45 cafeteria home_terminal[24066]:       pid: <0.130.0>
Mar 25 16:16:45 cafeteria home_terminal[24066]:       registered_name: []
Mar 25 16:16:45 cafeteria home_terminal[24066]:       initial call: gleam@otp@actor:'-start/1-anonymous-0-'/0
Mar 25 16:16:45 cafeteria home_terminal[24066]:       current_function: {gleam_erlang_ffi,select,2}
Mar 25 16:16:45 cafeteria home_terminal[24066]:       ancestors: [<0.129.0>,<0.83.0>]
Mar 25 16:16:45 cafeteria home_terminal[24066]:       message_queue_len: 0
Mar 25 16:16:45 cafeteria home_terminal[24066]:       links: [<0.129.0>,#Port<0.10>]
Mar 25 16:16:45 cafeteria home_terminal[24066]:       trap_exit: false
Mar 25 16:16:45 cafeteria home_terminal[24066]:       status: waiting
Mar 25 16:16:45 cafeteria home_terminal[24066]:       heap_size: 2586
Mar 25 16:16:45 cafeteria home_terminal[24066]:       stack_size: 12
Mar 25 16:16:45 cafeteria home_terminal[24066]:       reductions: 7891
Mar 25 16:16:45 cafeteria home_terminal[24066]:       current_stacktrace: [{gleam_erlang_ffi,select,2,
Mar 25 16:16:45 cafeteria home_terminal[24066]:                       [{file,
Mar 25 16:16:45 cafeteria home_terminal[24066]:                            "/build/source/build/prod/erlang/gleam_erlang/_gleam_artefacts/gleam_erlang_ffi.erl"},
Mar 25 16:16:45 cafeteria home_terminal[24066]:                        {line,52}]},
Mar 25 16:16:45 cafeteria home_terminal[24066]:                   {gleam_erlang_ffi,select,1,
Mar 25 16:16:45 cafeteria home_terminal[24066]:                       [{file,
Mar 25 16:16:45 cafeteria home_terminal[24066]:                            "/build/source/build/prod/erlang/gleam_erlang/_gleam_artefacts/gleam_erlang_ffi.erl"},
Mar 25 16:16:45 cafeteria home_terminal[24066]:                        {line,49}]},
Mar 25 16:16:45 cafeteria home_terminal[24066]:                   {gleam@otp@actor,loop,1,
Mar 25 16:16:45 cafeteria home_terminal[24066]:                       [{file,"src/gleam/otp/actor.gleam"},{line,466}]},
Mar 25 16:16:45 cafeteria home_terminal[24066]:                   {proc_lib,init_p,3,[{file,"proc_lib.erl"},{line,317}]}]
Mar 25 16:16:45 cafeteria home_terminal[24066]:     neighbour:
Mar 25 16:16:45 cafeteria home_terminal[24066]:       pid: <0.129.0>
Mar 25 16:16:45 cafeteria home_terminal[24066]:       registered_name: []
Mar 25 16:16:45 cafeteria home_terminal[24066]:       initial call: gleam@otp@actor:'-start/1-anonymous-0-'/0
Mar 25 16:16:45 cafeteria home_terminal[24066]:       current_function: {gleam_erlang_ffi,select,2}
Mar 25 16:16:45 cafeteria home_terminal[24066]:       ancestors: [<0.83.0>]
Mar 25 16:16:45 cafeteria home_terminal[24066]:       message_queue_len: 0
Mar 25 16:16:45 cafeteria home_terminal[24066]:       links: [<0.130.0>,<0.83.0>]
Mar 25 16:16:45 cafeteria home_terminal[24066]:       trap_exit: false
Mar 25 16:16:45 cafeteria home_terminal[24066]:       status: waiting
Mar 25 16:16:45 cafeteria home_terminal[24066]:       heap_size: 987
Mar 25 16:16:45 cafeteria home_terminal[24066]:       stack_size: 12
Mar 25 16:16:45 cafeteria home_terminal[24066]:       reductions: 7192
Mar 25 16:16:45 cafeteria home_terminal[24066]:       current_stacktrace: [{gleam_erlang_ffi,select,2,
Mar 25 16:16:45 cafeteria home_terminal[24066]:                       [{file,
Mar 25 16:16:45 cafeteria home_terminal[24066]:                            "/build/source/build/prod/erlang/gleam_erlang/_gleam_artefacts/gleam_erlang_ffi.erl"},
Mar 25 16:16:45 cafeteria home_terminal[24066]:                        {line,52}]},
Mar 25 16:16:45 cafeteria home_terminal[24066]:                   {gleam_erlang_ffi,select,1,
Mar 25 16:16:45 cafeteria home_terminal[24066]:                       [{file,
Mar 25 16:16:45 cafeteria home_terminal[24066]:                            "/build/source/build/prod/erlang/gleam_erlang/_gleam_artefacts/gleam_erlang_ffi.erl"},
Mar 25 16:16:45 cafeteria home_terminal[24066]:                        {line,49}]},
Mar 25 16:16:45 cafeteria home_terminal[24066]:                   {gleam@otp@actor,loop,1,
Mar 25 16:16:45 cafeteria home_terminal[24066]:                       [{file,"src/gleam/otp/actor.gleam"},{line,466}]},
Mar 25 16:16:45 cafeteria home_terminal[24066]:                   {proc_lib,init_p,3,[{file,"proc_lib.erl"},{line,317}]}]
Mar 25 16:16:45 cafeteria home_terminal[24066]:     neighbour:
Mar 25 16:16:45 cafeteria home_terminal[24066]:       pid: <0.83.0>
Mar 25 16:16:45 cafeteria home_terminal[24066]:       registered_name: []
Mar 25 16:16:45 cafeteria home_terminal[24066]:       initial_call: {erlang,apply,2}
Mar 25 16:16:45 cafeteria home_terminal[24066]:       current_function: {timer,sleep,1}
Mar 25 16:16:45 cafeteria home_terminal[24066]:       ancestors: []
Mar 25 16:16:45 cafeteria home_terminal[24066]:       message_queue_len: 0
Mar 25 16:16:45 cafeteria home_terminal[24066]:       links: [<0.127.0>,<0.129.0>,<0.142.0>,<0.10.0>]
Mar 25 16:16:45 cafeteria home_terminal[24066]:       trap_exit: false
Mar 25 16:16:45 cafeteria home_terminal[24066]:       status: waiting
Mar 25 16:16:45 cafeteria home_terminal[24066]:       heap_size: 233
Mar 25 16:16:45 cafeteria home_terminal[24066]:       stack_size: 5
Mar 25 16:16:45 cafeteria home_terminal[24066]:       reductions: 11528
Mar 25 16:16:45 cafeteria home_terminal[24066]:       current_stacktrace: [{timer,sleep,1,[{file,"timer.erl"},{line,552}]},
Mar 25 16:16:45 cafeteria home_terminal[24066]:                   {gleam_erlang_ffi,sleep_forever,0,
Mar 25 16:16:45 cafeteria home_terminal[24066]:                       [{file,
Mar 25 16:16:45 cafeteria home_terminal[24066]:                            "/build/source/build/prod/erlang/gleam_erlang/_gleam_artefacts/gleam_erlang_ffi.erl"},
Mar 25 16:16:45 cafeteria home_terminal[24066]:                        {line,27}]},
Mar 25 16:16:45 cafeteria home_terminal[24066]:                   {home_terminal@@main,run_module,1,
Mar 25 16:16:45 cafeteria home_terminal[24066]:                       [{file,
Mar 25 16:16:45 cafeteria home_terminal[24066]:                            "/build/source/build/prod/erlang/home_terminal/_gleam_artefacts/home_terminal@@main.erl"},
Mar 25 16:16:45 cafeteria home_terminal[24066]:                        {line,24}]}]
Mar 25 16:16:45 cafeteria home_terminal[24066]:     neighbour:
Mar 25 16:16:45 cafeteria home_terminal[24066]:       pid: <0.127.0>
Mar 25 16:16:45 cafeteria home_terminal[24066]:       registered_name: []
Mar 25 16:16:45 cafeteria home_terminal[24066]:       initial call: gleam@otp@actor:'-start/1-anonymous-0-'/0
Mar 25 16:16:45 cafeteria home_terminal[24066]:       current_function: {gleam_erlang_ffi,select,2}
Mar 25 16:16:45 cafeteria home_terminal[24066]:       ancestors: [<0.83.0>]
Mar 25 16:16:45 cafeteria home_terminal[24066]:       message_queue_len: 0
Mar 25 16:16:45 cafeteria home_terminal[24066]:       links: [<0.83.0>,<0.128.0>]
Mar 25 16:16:45 cafeteria home_terminal[24066]:       trap_exit: false
Mar 25 16:16:45 cafeteria home_terminal[24066]:       status: waiting
Mar 25 16:16:45 cafeteria home_terminal[24066]:       heap_size: 514838
Mar 25 16:16:45 cafeteria home_terminal[24066]:       stack_size: 12
Mar 25 16:16:45 cafeteria home_terminal[24066]:       reductions: 4877500
Mar 25 16:16:45 cafeteria home_terminal[24066]:       current_stacktrace: [{gleam_erlang_ffi,select,2,
Mar 25 16:16:45 cafeteria home_terminal[24066]:                       [{file,
Mar 25 16:16:45 cafeteria home_terminal[24066]:                            "/build/source/build/prod/erlang/gleam_erlang/_gleam_artefacts/gleam_erlang_ffi.erl"},
Mar 25 16:16:45 cafeteria home_terminal[24066]:                        {line,52}]},
Mar 25 16:16:45 cafeteria home_terminal[24066]:                   {gleam_erlang_ffi,select,1,
Mar 25 16:16:45 cafeteria home_terminal[24066]:                       [{file,
Mar 25 16:16:45 cafeteria home_terminal[24066]:                            "/build/source/build/prod/erlang/gleam_erlang/_gleam_artefacts/gleam_erlang_ffi.erl"},
Mar 25 16:16:45 cafeteria home_terminal[24066]:                        {line,49}]},
Mar 25 16:16:45 cafeteria home_terminal[24066]:                   {gleam@otp@actor,loop,1,
Mar 25 16:16:45 cafeteria home_terminal[24066]:                       [{file,"src/gleam/otp/actor.gleam"},{line,466}]},
Mar 25 16:16:45 cafeteria home_terminal[24066]:                   {proc_lib,init_p,3,[{file,"proc_lib.erl"},{line,317}]}]
Mar 25 16:16:45 cafeteria home_terminal[24066]: runtime error: Erlang exit
Mar 25 16:16:45 cafeteria home_terminal[24066]: An error occurred outside of Gleam.
Mar 25 16:16:45 cafeteria home_terminal[24066]: erlang:exit(Badarg)
Mar 25 16:16:45 cafeteria home_terminal[24066]: stacktrace:
Mar 25 16:16:45 cafeteria home_terminal[24066]:   erlang.binary_to_list unknown source
Mar 25 16:16:45 cafeteria home_terminal[24066]:   tz_ffi.system_timezone /build/source/build/prod/erlang/home_terminal/_gleam_artefacts/tz_ffi.erl:51
Mar 25 16:16:45 cafeteria home_terminal[24066]:   ical.parse_events src/ical.gleam:68
Mar 25 16:16:45 cafeteria home_terminal[24066]:   gleam/list.map_loop src/gleam/list.gleam:391
Mar 25 16:16:45 cafeteria home_terminal[24066]:   gleam/list.flat_map src/gleam/list.gleam:392
Mar 25 16:16:45 cafeteria home_terminal[24066]:   cal_dav.-fetch_calendar_events/5-anonymous-1- src/cal_dav.gleam:225
Mar 25 16:16:45 cafeteria home_terminal[24066]:   cal_dav.-fetch_events/1-anonymous-1- src/cal_dav.gleam:78
Mar 25 16:16:45 cafeteria home_terminal[24066]:   gleam/list.map_loop src/gleam/list.gleam:391
Mar 25 16:16:45 cafeteria home_terminal[24066]: =ERROR REPORT==== 25-Mar-2026::16:16:45.228296 ===
Mar 25 16:16:45 cafeteria home_terminal[24066]: ** Generic server <0.142.0> terminating
Mar 25 16:16:45 cafeteria home_terminal[24066]: ** Last message in was {'EXIT',<0.83.0>,
Mar 25 16:16:45 cafeteria home_terminal[24066]:                         {badarg,
Mar 25 16:16:45 cafeteria home_terminal[24066]:                          [{erlang,binary_to_list,
Mar 25 16:16:45 cafeteria home_terminal[24066]:                            ["/etc/zoneinfo/America/New_York"],
Mar 25 16:16:45 cafeteria home_terminal[24066]:                            [{error_info,#{module => erl_erts_errors}}]},
Mar 25 16:16:45 cafeteria home_terminal[24066]:                           {tz_ffi,system_timezone,0,
Mar 25 16:16:45 cafeteria home_terminal[24066]:                            [{file,
Mar 25 16:16:45 cafeteria home_terminal[24066]:                              "/build/source/build/prod/erlang/home_terminal/_gleam_artefacts/tz_ffi.erl"},
Mar 25 16:16:45 cafeteria home_terminal[24066]:                             {line,51}]},
Mar 25 16:16:45 cafeteria home_terminal[24066]:                           {ical,parse_events,4,
Mar 25 16:16:45 cafeteria home_terminal[24066]:                            [{file,"src/ical.gleam"},{line,68}]},
Mar 25 16:16:45 cafeteria home_terminal[24066]:                           {gleam@list,map_loop,3,
Mar 25 16:16:45 cafeteria home_terminal[24066]:                            [{file,"src/gleam/list.gleam"},{line,391}]},
Mar 25 16:16:45 cafeteria home_terminal[24066]:                           {gleam@list,flat_map,2,
Mar 25 16:16:45 cafeteria home_terminal[24066]:                            [{file,"src/gleam/list.gleam"},{line,392}]},
Mar 25 16:16:45 cafeteria home_terminal[24066]:                           {cal_dav,'-fetch_calendar_events/5-anonymous-1-',4,
Mar 25 16:16:45 cafeteria home_terminal[24066]:                            [{file,"src/cal_dav.gleam"},{line,225}]},
Mar 25 16:16:45 cafeteria home_terminal[24066]:                           {cal_dav,'-fetch_events/1-anonymous-1-',4,
Mar 25 16:16:45 cafeteria home_terminal[24066]:                            [{file,"src/cal_dav.gleam"},{line,78}]},
Mar 25 16:16:45 cafeteria home_terminal[24066]:                           {gleam@list,map_loop,3,
Mar 25 16:16:45 cafeteria home_terminal[24066]:                            [{file,"src/gleam/list.gleam"},{line,391}]}]}}
Mar 25 16:16:45 cafeteria home_terminal[24066]: ** When Server state == {state,
Mar 25 16:16:45 cafeteria home_terminal[24066]:                          {<0.142.0>,gleam@otp@static_supervisor},
Mar 25 16:16:45 cafeteria home_terminal[24066]:                          one_for_one,
Mar 25 16:16:45 cafeteria home_terminal[24066]:                          {[1,0],
Mar 25 16:16:45 cafeteria home_terminal[24066]:                           #{0 =>
Mar 25 16:16:45 cafeteria home_terminal[24066]:                              {child,<0.143.0>,0,
Mar 25 16:16:45 cafeteria home_terminal[24066]:                               {gleam@otp@static_supervisor,
Mar 25 16:16:45 cafeteria home_terminal[24066]:                                start_child_callback,
Mar 25 16:16:45 cafeteria home_terminal[24066]:                                [#Fun<gleam@otp@supervision.0.45226599>]},
Mar 25 16:16:45 cafeteria home_terminal[24066]:                               permanent,false,5000,worker,
Mar 25 16:16:45 cafeteria home_terminal[24066]:                               [gleam@otp@static_supervisor]},
Mar 25 16:16:45 cafeteria home_terminal[24066]:                             1 =>
Mar 25 16:16:45 cafeteria home_terminal[24066]:                              {child,<0.144.0>,1,
Mar 25 16:16:45 cafeteria home_terminal[24066]:                               {gleam@otp@static_supervisor,
Mar 25 16:16:45 cafeteria home_terminal[24066]:                                start_child_callback,
Mar 25 16:16:45 cafeteria home_terminal[24066]:                                [#Fun<gleam@otp@supervision.0.45226599>]},
Mar 25 16:16:45 cafeteria home_terminal[24066]:                               permanent,false,infinity,supervisor,
Mar 25 16:16:45 cafeteria home_terminal[24066]:                               [gleam@otp@static_supervisor]}}},
Mar 25 16:16:45 cafeteria home_terminal[24066]:                          undefined,2,5,[],0,0,never,1000,
Mar 25 16:16:45 cafeteria home_terminal[24066]:                          #Ref<0.3626121864.2605187073.90398>,
Mar 25 16:16:45 cafeteria home_terminal[24066]:                          gleam@otp@static_supervisor,
Mar 25 16:16:45 cafeteria home_terminal[24066]:                          {#{intensity => 2,period => 5,
Mar 25 16:16:45 cafeteria home_terminal[24066]:                             strategy => one_for_one,auto_shutdown => never},
Mar 25 16:16:45 cafeteria home_terminal[24066]:                           [#{id => 0,restart => permanent,shutdown => 5000,
Mar 25 16:16:45 cafeteria home_terminal[24066]:                              start =>
Mar 25 16:16:45 cafeteria home_terminal[24066]:                               {gleam@otp@static_supervisor,
Mar 25 16:16:45 cafeteria home_terminal[24066]:                                start_child_callback,
Mar 25 16:16:45 cafeteria home_terminal[24066]:                                [#Fun<gleam@otp@supervision.0.45226599>]},
Mar 25 16:16:45 cafeteria home_terminal[24066]:                              type => worker,significant => false},
Mar 25 16:16:45 cafeteria home_terminal[24066]:                            #{id => 1,restart => permanent,
Mar 25 16:16:45 cafeteria home_terminal[24066]:                              shutdown => infinity,
Mar 25 16:16:45 cafeteria home_terminal[24066]:                              start =>
Mar 25 16:16:45 cafeteria home_terminal[24066]:                               {gleam@otp@static_supervisor,
Mar 25 16:16:45 cafeteria home_terminal[24066]:                                start_child_callback,
Mar 25 16:16:45 cafeteria home_terminal[24066]:                                [#Fun<gleam@otp@supervision.0.45226599>]},
Mar 25 16:16:45 cafeteria home_terminal[24066]:                              type => supervisor,significant => false}]}}
Mar 25 16:16:45 cafeteria home_terminal[24066]: ** Reason for termination ==
Mar 25 16:16:45 cafeteria home_terminal[24066]: ** {badarg,[{erlang,binary_to_list,
Mar 25 16:16:45 cafeteria home_terminal[24066]:                     ["/etc/zoneinfo/America/New_York"],
Mar 25 16:16:45 cafeteria home_terminal[24066]:                     [{error_info,#{module => erl_erts_errors}}]},
Mar 25 16:16:45 cafeteria home_terminal[24066]:             {tz_ffi,system_timezone,0,
Mar 25 16:16:45 cafeteria home_terminal[24066]:                     [{file,"/build/source/build/prod/erlang/home_terminal/_gleam_artefacts/tz_ffi.erl"},
Mar 25 16:16:45 cafeteria home_terminal[24066]:                      {line,51}]},
Mar 25 16:16:45 cafeteria home_terminal[24066]:             {ical,parse_events,4,[{file,"src/ical.gleam"},{line,68}]},
Mar 25 16:16:45 cafeteria home_terminal[24066]:             {gleam@list,map_loop,3,[{file,"src/gleam/list.gleam"},{line,391}]},
Mar 25 16:16:45 cafeteria home_terminal[24066]:             {gleam@list,flat_map,2,[{file,"src/gleam/list.gleam"},{line,392}]},
Mar 25 16:16:45 cafeteria home_terminal[24066]:             {cal_dav,'-fetch_calendar_events/5-anonymous-1-',4,
Mar 25 16:16:45 cafeteria home_terminal[24066]:                      [{file,"src/cal_dav.gleam"},{line,225}]},
Mar 25 16:16:45 cafeteria home_terminal[24066]:             {cal_dav,'-fetch_events/1-anonymous-1-',4,
Mar 25 16:16:45 cafeteria home_terminal[24066]:                      [{file,"src/cal_dav.gleam"},{line,78}]},
Mar 25 16:16:45 cafeteria home_terminal[24066]:             {gleam@list,map_loop,3,
Mar 25 16:16:45 cafeteria home_terminal[24066]:                         [{file,"src/gleam/list.gleam"},{line,391}]}]}
Mar 25 16:16:45 cafeteria home_terminal[24066]: =CRASH REPORT==== 25-Mar-2026::16:16:45.230688 ===
Mar 25 16:16:45 cafeteria home_terminal[24066]:   crasher:
Mar 25 16:16:45 cafeteria home_terminal[24066]:     initial call: supervisor:gleam@otp@static_supervisor/1
Mar 25 16:16:45 cafeteria home_terminal[24066]:     pid: <0.142.0>
Mar 25 16:16:45 cafeteria home_terminal[24066]:     registered_name: []
Mar 25 16:16:45 cafeteria home_terminal[24066]:     exception exit: {badarg,
Mar 25 16:16:45 cafeteria home_terminal[24066]:                         [{erlang,binary_to_list,
Mar 25 16:16:45 cafeteria home_terminal[24066]:                              ["/etc/zoneinfo/America/New_York"],
Mar 25 16:16:45 cafeteria home_terminal[24066]:                              [{error_info,#{module => erl_erts_errors}}]},
Mar 25 16:16:45 cafeteria home_terminal[24066]:                          {tz_ffi,system_timezone,0,
Mar 25 16:16:45 cafeteria home_terminal[24066]:                              [{file,
Mar 25 16:16:45 cafeteria home_terminal[24066]:                                   "/build/source/build/prod/erlang/home_terminal/_gleam_artefacts/tz_ffi.erl"},
Mar 25 16:16:45 cafeteria home_terminal[24066]:                               {line,51}]},
Mar 25 16:16:45 cafeteria home_terminal[24066]:                          {ical,parse_events,4,
Mar 25 16:16:45 cafeteria home_terminal[24066]:                              [{file,"src/ical.gleam"},{line,68}]},
Mar 25 16:16:45 cafeteria home_terminal[24066]:                          {gleam@list,map_loop,3,
Mar 25 16:16:45 cafeteria home_terminal[24066]:                              [{file,"src/gleam/list.gleam"},{line,391}]},
Mar 25 16:16:45 cafeteria home_terminal[24066]:                          {gleam@list,flat_map,2,
Mar 25 16:16:45 cafeteria home_terminal[24066]:                              [{file,"src/gleam/list.gleam"},{line,392}]},
Mar 25 16:16:45 cafeteria home_terminal[24066]:                          {cal_dav,'-fetch_calendar_events/5-anonymous-1-',4,
Mar 25 16:16:45 cafeteria home_terminal[24066]:                              [{file,"src/cal_dav.gleam"},{line,225}]},
Mar 25 16:16:45 cafeteria home_terminal[24066]:                          {cal_dav,'-fetch_events/1-anonymous-1-',4,
Mar 25 16:16:45 cafeteria home_terminal[24066]:                              [{file,"src/cal_dav.gleam"},{line,78}]},
Mar 25 16:16:45 cafeteria home_terminal[24066]:                          {gleam@list,map_loop,3,
Mar 25 16:16:45 cafeteria home_terminal[24066]:                              [{file,"src/gleam/list.gleam"},{line,391}]}]}
Mar 25 16:16:45 cafeteria home_terminal[24066]:       in function  gen_server:decode_msg/6 (gen_server.erl:2379)
Mar 25 16:16:45 cafeteria home_terminal[24066]:     ancestors: [<0.83.0>]
Mar 25 16:16:45 cafeteria home_terminal[24066]:     message_queue_len: 0
Mar 25 16:16:45 cafeteria home_terminal[24066]:     messages: []
Mar 25 16:16:45 cafeteria home_terminal[24066]:     links: []
Mar 25 16:16:45 cafeteria home_terminal[24066]:     dictionary: []
Mar 25 16:16:45 cafeteria home_terminal[24066]:     trap_exit: true
Mar 25 16:16:45 cafeteria home_terminal[24066]:     status: running
Mar 25 16:16:45 cafeteria home_terminal[24066]:     heap_size: 17731
Mar 25 16:16:45 cafeteria home_terminal[24066]:     stack_size: 29
Mar 25 16:16:45 cafeteria home_terminal[24066]:     reductions: 25493
Mar 25 16:16:45 cafeteria home_terminal[24066]:   neighbours:
Mar 25 16:16:46 cafeteria systemd[1]: home-terminal.service: Main process exited, code=exited, status=1/FAILURE
Mar 25 16:16:46 cafeteria systemd[1]: home-terminal.service: Failed with result 'exit-code'.
Mar 25 16:16:46 cafeteria systemd[1]: home-terminal.service: Consumed 3.978s CPU time over 11.866s wall clock time, 86.3M memory peak, 94.7K incoming IP traffic, 16.1K outgoing IP traffic.
^C%
